# JRE version: OpenJDK Runtime Environment (8.0_202-b03) (build 1.8.0_202-release-1483-b03)
# Java VM: OpenJDK 64-Bit Server VM (25.202-b03 mixed mode windows-amd64 compressed oops)
Heap:
 PSYoungGen      total 102400K, used 13863K [0x00000000e0000000, 0x00000000e6f00000, 0x0000000100000000)
  eden space 92160K, 3% used [0x00000000e0000000,0x00000000e038b558,0x00000000e5a00000)
  from space 10240K, 99% used [0x00000000e5a00000,0x00000000e63fe6e0,0x00000000e6400000)
  to   space 9728K, 0% used [0x00000000e6400000,0x00000000e6400000,0x00000000e6d80000)
 ParOldGen       total 74752K, used 27683K [0x00000000a0000000, 0x00000000a4900000, 0x00000000e0000000)
  object space 74752K, 37% used [0x00000000a0000000,0x00000000a1b08f88,0x00000000a4900000)
 Metaspace       used 52874K, capacity 54362K, committed 54488K, reserved 1095680K
  class space    used 7198K, capacity 7588K, committed 7680K, reserved 1048576K
GC Heap History (10 events):
Event: 34.286 GC heap before
{Heap before GC invocations=13 (full 1):
 PSYoungGen      total 52736K, used 22120K [0x00000000e0000000, 0x00000000e5200000, 0x0000000100000000)
  eden space 44544K, 37% used [0x00000000e0000000,0x00000000e103ef30,0x00000000e2b80000)
  from space 8192K, 66% used [0x00000000e2b80000,0x00000000e30db168,0x00000000e3380000)
  to   space 8192K, 0% used [0x00000000e4a00000,0x00000000e4a00000,0x00000000e5200000)
 ParOldGen       total 55296K, used 15580K [0x00000000a0000000, 0x00000000a3600000, 0x00000000e0000000)
  object space 55296K, 28% used [0x00000000a0000000,0x00000000a0f37248,0x00000000a3600000)
 Metaspace       used 34540K, capacity 35200K, committed 35416K, reserved 1079296K
  class space    used 4756K, capacity 4965K, committed 4992K, reserved 1048576K
Event: 34.296 GC heap after
Heap after GC invocations=13 (full 1):
 PSYoungGen      total 75776K, used 1962K [0x00000000e0000000, 0x00000000e5280000, 0x0000000100000000)
  eden space 67584K, 0% used [0x00000000e0000000,0x00000000e0000000,0x00000000e4200000)
  from space 8192K, 23% used [0x00000000e4a00000,0x00000000e4bea808,0x00000000e5200000)
  to   space 8192K, 0% used [0x00000000e4200000,0x00000000e4200000,0x00000000e4a00000)
 ParOldGen       total 55296K, used 18994K [0x00000000a0000000, 0x00000000a3600000, 0x00000000e0000000)
  object space 55296K, 34% used [0x00000000a0000000,0x00000000a128cb28,0x00000000a3600000)
 Metaspace       used 34540K, capacity 35200K, committed 35416K, reserved 1079296K
  class space    used 4756K, capacity 4965K, committed 4992K, reserved 1048576K
}
Event: 34.296 GC heap before
{Heap before GC invocations=14 (full 2):
 PSYoungGen      total 75776K, used 1962K [0x00000000e0000000, 0x00000000e5280000, 0x0000000100000000)
  eden space 67584K, 0% used [0x00000000e0000000,0x00000000e0000000,0x00000000e4200000)
  from space 8192K, 23% used [0x00000000e4a00000,0x00000000e4bea808,0x00000000e5200000)
  to   space 8192K, 0% used [0x00000000e4200000,0x00000000e4200000,0x00000000e4a00000)
 ParOldGen       total 55296K, used 18994K [0x00000000a0000000, 0x00000000a3600000, 0x00000000e0000000)
  object space 55296K, 34% used [0x00000000a0000000,0x00000000a128cb28,0x00000000a3600000)
 Metaspace       used 34540K, capacity 35200K, committed 35416K, reserved 1079296K
  class space    used 4756K, capacity 4965K, committed 4992K, reserved 1048576K
Event: 34.395 GC heap after
Heap after GC invocations=14 (full 2):
 PSYoungGen      total 75776K, used 0K [0x00000000e0000000, 0x00000000e5280000, 0x0000000100000000)
  eden space 67584K, 0% used [0x00000000e0000000,0x00000000e0000000,0x00000000e4200000)
  from space 8192K, 0% used [0x00000000e4a00000,0x00000000e4a00000,0x00000000e5200000)
  to   space 8192K, 0% used [0x00000000e4200000,0x00000000e4200000,0x00000000e4a00000)
 ParOldGen       total 74752K, used 16976K [0x00000000a0000000, 0x00000000a4900000, 0x00000000e0000000)
  object space 74752K, 22% used [0x00000000a0000000,0x00000000a10941e0,0x00000000a4900000)
 Metaspace       used 34540K, capacity 35200K, committed 35416K, reserved 1079296K
  class space    used 4756K, capacity 4965K, committed 4992K, reserved 1048576K
}
Event: 38.658 GC heap before
{Heap before GC invocations=15 (full 2):
 PSYoungGen      total 75776K, used 67584K [0x00000000e0000000, 0x00000000e5280000, 0x0000000100000000)
  eden space 67584K, 100% used [0x00000000e0000000,0x00000000e4200000,0x00000000e4200000)
  from space 8192K, 0% used [0x00000000e4a00000,0x00000000e4a00000,0x00000000e5200000)
  to   space 8192K, 0% used [0x00000000e4200000,0x00000000e4200000,0x00000000e4a00000)
 ParOldGen       total 74752K, used 16976K [0x00000000a0000000, 0x00000000a4900000, 0x00000000e0000000)
  object space 74752K, 22% used [0x00000000a0000000,0x00000000a10941e0,0x00000000a4900000)
 Metaspace       used 42466K, capacity 43282K, committed 43608K, reserved 1087488K
  class space    used 5757K, capacity 6001K, committed 6016K, reserved 1048576K
Event: 38.669 GC heap after
Heap after GC invocations=15 (full 2):
 PSYoungGen      total 75776K, used 8166K [0x00000000e0000000, 0x00000000e6d80000, 0x0000000100000000)
  eden space 67584K, 0% used [0x00000000e0000000,0x00000000e0000000,0x00000000e4200000)
  from space 8192K, 99% used [0x00000000e4200000,0x00000000e49f99d0,0x00000000e4a00000)
  to   space 9728K, 0% used [0x00000000e6400000,0x00000000e6400000,0x00000000e6d80000)
 ParOldGen       total 74752K, used 18637K [0x00000000a0000000, 0x00000000a4900000, 0x00000000e0000000)
  object space 74752K, 24% used [0x00000000a0000000,0x00000000a1233470,0x00000000a4900000)
 Metaspace       used 42466K, capacity 43282K, committed 43608K, reserved 1087488K
  class space    used 5757K, capacity 6001K, committed 6016K, reserved 1048576K
}
Event: 40.847 GC heap before
{Heap before GC invocations=16 (full 2):
 PSYoungGen      total 75776K, used 75750K [0x00000000e0000000, 0x00000000e6d80000, 0x0000000100000000)
  eden space 67584K, 100% used [0x00000000e0000000,0x00000000e4200000,0x00000000e4200000)
  from space 8192K, 99% used [0x00000000e4200000,0x00000000e49f99d0,0x00000000e4a00000)
  to   space 9728K, 0% used [0x00000000e6400000,0x00000000e6400000,0x00000000e6d80000)
 ParOldGen       total 74752K, used 18637K [0x00000000a0000000, 0x00000000a4900000, 0x00000000e0000000)
  object space 74752K, 24% used [0x00000000a0000000,0x00000000a1233470,0x00000000a4900000)
 Metaspace       used 45911K, capacity 47056K, committed 47320K, reserved 1089536K
  class space    used 6213K, capacity 6532K, committed 6656K, reserved 1048576K
Event: 40.869 GC heap after
Heap after GC invocations=16 (full 2):
 PSYoungGen      total 101888K, used 7345K [0x00000000e0000000, 0x00000000e6f00000, 0x0000000100000000)
  eden space 92160K, 0% used [0x00000000e0000000,0x00000000e0000000,0x00000000e5a00000)
  from space 9728K, 75% used [0x00000000e6400000,0x00000000e6b2c4d0,0x00000000e6d80000)
  to   space 10240K, 0% used [0x00000000e5a00000,0x00000000e5a00000,0x00000000e6400000)
 ParOldGen       total 74752K, used 23040K [0x00000000a0000000, 0x00000000a4900000, 0x00000000e0000000)
  object space 74752K, 30% used [0x00000000a0000000,0x00000000a1680248,0x00000000a4900000)
 Metaspace       used 45911K, capacity 47056K, committed 47320K, reserved 1089536K
  class space    used 6213K, capacity 6532K, committed 6656K, reserved 1048576K
}
Event: 43.631 GC heap before
{Heap before GC invocations=17 (full 2):
 PSYoungGen      total 101888K, used 99505K [0x00000000e0000000, 0x00000000e6f00000, 0x0000000100000000)
  eden space 92160K, 100% used [0x00000000e0000000,0x00000000e5a00000,0x00000000e5a00000)
  from space 9728K, 75% used [0x00000000e6400000,0x00000000e6b2c4d0,0x00000000e6d80000)
  to   space 10240K, 0% used [0x00000000e5a00000,0x00000000e5a00000,0x00000000e6400000)
 ParOldGen       total 74752K, used 23040K [0x00000000a0000000, 0x00000000a4900000, 0x00000000e0000000)
  object space 74752K, 30% used [0x00000000a0000000,0x00000000a1680248,0x00000000a4900000)
 Metaspace       used 52736K, capacity 54188K, committed 54488K, reserved 1095680K
  class space    used 7175K, capacity 7553K, committed 7680K, reserved 1048576K
Event: 43.733 GC heap after
Heap after GC invocations=17 (full 2):
 PSYoungGen      total 102400K, used 10233K [0x00000000e0000000, 0x00000000e6f00000, 0x0000000100000000)
  eden space 92160K, 0% used [0x00000000e0000000,0x00000000e0000000,0x00000000e5a00000)
  from space 10240K, 99% used [0x00000000e5a00000,0x00000000e63fe6e0,0x00000000e6400000)
  to   space 9728K, 0% used [0x00000000e6400000,0x00000000e6400000,0x00000000e6d80000)
 ParOldGen       total 74752K, used 27683K [0x00000000a0000000, 0x00000000a4900000, 0x00000000e0000000)
  object space 74752K, 37% used [0x00000000a0000000,0x00000000a1b08f88,0x00000000a4900000)
 Metaspace       used 52736K, capacity 54188K, committed 54488K, reserved 1095680K
  class space    used 7175K, capacity 7553K, committed 7680K, reserved 1048576K
}

